Using pre-set license

 COMMAND LINE ARGUMENTS:
/Volumes/SSD/Unity/Hub/Editor/2020.3.3f1/Unity.app/Contents/MacOS/Unity
-adb2
-batchMode
-noUpm
-name
AssetImportWorker0
-projectPath
/Users/safemac/SafeTools
-logFile
Logs/AssetImportWorker0.log
-srvPort
50455
Successfully changed project path to: /Users/safemac/SafeTools
/Users/safemac/SafeTools
Using Asset Import Pipeline V2.
Refreshing native plugins compatible for Editor in 36.57 ms, found 1 plugins.
Preloading 0 native plugins for Editor in 0.00 ms.
Initialize engine version: 2020.3.3f1 (76626098c1c4)
[Subsystems] Discovering subsystems at path /Volumes/SSD/Unity/Hub/Editor/2020.3.3f1/Unity.app/Contents/Resources/UnitySubsystems
[Subsystems] Discovering subsystems at path /Users/safemac/SafeTools/Assets
GfxDevice: creating device client; threaded=0
2022-02-27 21:27:07.669 Unity[8334:100717] Color LCD preferred device: Intel(R) Iris(TM) Plus Graphics 650 (low power)
2022-02-27 21:27:07.669 Unity[8334:100717] Metal devices available: 1
2022-02-27 21:27:07.670 Unity[8334:100717] 0: Intel(R) Iris(TM) Plus Graphics 650 (low power)
2022-02-27 21:27:07.671 Unity[8334:100717] Using device Intel(R) Iris(TM) Plus Graphics 650 (low power)
Initializing Metal device caps: Intel(R) Iris(TM) Plus Graphics 650
Initialize mono
Mono path[0] = '/Volumes/SSD/Unity/Hub/Editor/2020.3.3f1/Unity.app/Contents/Managed'
Mono path[1] = '/Volumes/SSD/Unity/Hub/Editor/2020.3.3f1/Unity.app/Contents/MonoBleedingEdge/lib/mono/unityjit'
Mono config path = '/Volumes/SSD/Unity/Hub/Editor/2020.3.3f1/Unity.app/Contents/MonoBleedingEdge/etc'
Using monoOptions --debugger-agent=transport=dt_socket,embedding=1,server=y,suspend=n,address=127.0.0.1:56334
Begin MonoManager ReloadAssembly
Registering precompiled unity dll's ...
Register platform support module: /Volumes/SSD/Unity/Hub/Editor/2020.3.3f1/Unity.app/Contents/PlaybackEngines/MacStandaloneSupport/UnityEditor.OSXStandalone.Extensions.dll
Registered in 0.003171 seconds.
Native extension for OSXStandalone target not found
Refreshing native plugins compatible for Editor in 26.02 ms, found 1 plugins.
Preloading 0 native plugins for Editor in 0.00 ms.
Invoked RoslynAnalysisRunner static constructor.
RoslynAnalysisRunner will not be running.
RoslynAnalysisRunner has terminated.
Mono: successfully reloaded assembly
- Completed reload, in 19.632 seconds
Platform modules already initialized, skipping
Registering precompiled user dll's ...
Registered in 0.001230 seconds.
Begin MonoManager ReloadAssembly
Native extension for OSXStandalone target not found
Refreshing native plugins compatible for Editor in 0.32 ms, found 1 plugins.
Preloading 0 native plugins for Editor in 0.00 ms.
Invoked RoslynAnalysisRunner static constructor.
RoslynAnalysisRunner will not be running.
RoslynAnalysisRunner has terminated.
Mono: successfully reloaded assembly
- Completed reload, in  1.030 seconds
Platform modules already initialized, skipping
========================================================================
Worker process is ready to serve import requests
Launching external process: /Volumes/SSD/Unity/Hub/Editor/2020.3.3f1/Unity.app/Contents/Tools/UnityShaderCompiler
Launched and connected shader compiler UnityShaderCompiler after 0.02 seconds
Refreshing native plugins compatible for Editor in 0.23 ms, found 1 plugins.
Preloading 0 native plugins for Editor in 0.00 ms.
Unloading 1115 Unused Serialized files (Serialized files now loaded: 0)
System memory in use before: 143.3 MB.
System memory in use after: 143.4 MB.

Unloading 10 unused Assets to reduce memory usage. Loaded Objects now: 1557.
Total: 2.739632 ms (FindLiveObjects: 0.220749 ms CreateObjectMapping: 0.064700 ms MarkObjects: 2.330690 ms  DeleteObjects: 0.121189 ms)

========================================================================
Received Import Request.
  path: Assets/Script
  artifactKey: Guid(6c18e13f2e64b4663b4d61fe3845c47b) Importer(815301076,1909f56bfc062723c751e8b465ee728b)
Start importing Assets/Script using Guid(6c18e13f2e64b4663b4d61fe3845c47b) Importer(815301076,1909f56bfc062723c751e8b465ee728b)  -> (artifact id: '5dabecd1e007a0afff65fdbcc82677d2') in 0.003345 seconds
  Import took 0.005611 seconds .

========================================================================
Received Import Request.
  Time since last request: 55.482171 seconds.
  path: Assets/Script/Editor 1
  artifactKey: Guid(b9b87feb15f454d5191c41a158e1877f) Importer(815301076,1909f56bfc062723c751e8b465ee728b)
Start importing Assets/Script/Editor 1 using Guid(b9b87feb15f454d5191c41a158e1877f) Importer(815301076,1909f56bfc062723c751e8b465ee728b)  -> (artifact id: '7fdabac6dc51d6991c75e0297016bda5') in 0.004908 seconds
  Import took 0.011128 seconds .

========================================================================
Received Import Request.
  Time since last request: 0.001978 seconds.
  path: Assets/Script/Editor 1
  artifactKey: Guid(b9b87feb15f454d5191c41a158e1877f) Importer(815301076,1909f56bfc062723c751e8b465ee728b)
Start importing Assets/Script/Editor 1 using Guid(b9b87feb15f454d5191c41a158e1877f) Importer(815301076,1909f56bfc062723c751e8b465ee728b)  -> (artifact id: '7fdabac6dc51d6991c75e0297016bda5') in 0.001226 seconds
  Import took 0.006053 seconds .

========================================================================
Received Import Request.
  Time since last request: 3.271598 seconds.
  path: Assets/Script/Editor 1/MapGenerater.cs
  artifactKey: Guid(da75c378fb34e9c4a8ab1af07aa89beb) Importer(815301076,1909f56bfc062723c751e8b465ee728b)
Start importing Assets/Script/Editor 1/MapGenerater.cs using Guid(da75c378fb34e9c4a8ab1af07aa89beb) Importer(815301076,1909f56bfc062723c751e8b465ee728b)  -> (artifact id: 'a744435a5fe20516e59bfec42006e1ff') in 0.405999 seconds
  Import took 0.409022 seconds .

========================================================================
Received Import Request.
  Time since last request: 0.434995 seconds.
  path: Assets/Script/Editor 1/ReadOnlyAttribute.cs
  artifactKey: Guid(f946f9539d05f6347ae4664af6af64ad) Importer(815301076,1909f56bfc062723c751e8b465ee728b)
Start importing Assets/Script/Editor 1/ReadOnlyAttribute.cs using Guid(f946f9539d05f6347ae4664af6af64ad) Importer(815301076,1909f56bfc062723c751e8b465ee728b)  -> (artifact id: '259c1665ae6093d10a35196cc1cad5bf') in 0.007629 seconds
  Import took 0.010055 seconds .

========================================================================
Received Import Request.
  Time since last request: 0.001264 seconds.
  path: Assets/Script/Editor 1/ReadOnlyAttribute.cs
  artifactKey: Guid(f946f9539d05f6347ae4664af6af64ad) Importer(815301076,1909f56bfc062723c751e8b465ee728b)
Start importing Assets/Script/Editor 1/ReadOnlyAttribute.cs using Guid(f946f9539d05f6347ae4664af6af64ad) Importer(815301076,1909f56bfc062723c751e8b465ee728b)  -> (artifact id: '259c1665ae6093d10a35196cc1cad5bf') in 0.009064 seconds
  Import took 0.012103 seconds .

========================================================================
Received Import Request.
  Time since last request: 0.513294 seconds.
  path: Assets/Script/Editor 1/ReadOnlyPropertyDrawer.cs
  artifactKey: Guid(93670ea84b936214f84ba5ed75bbba00) Importer(815301076,1909f56bfc062723c751e8b465ee728b)
Start importing Assets/Script/Editor 1/ReadOnlyPropertyDrawer.cs using Guid(93670ea84b936214f84ba5ed75bbba00) Importer(815301076,1909f56bfc062723c751e8b465ee728b)  -> (artifact id: '3e728e9f42933a397f7a6916469c156a') in 0.008683 seconds
  Import took 0.012890 seconds .

========================================================================
Received Import Request.
  Time since last request: 0.001995 seconds.
  path: Assets/Script/Editor 1/ReadOnlyPropertyDrawer.cs
  artifactKey: Guid(93670ea84b936214f84ba5ed75bbba00) Importer(815301076,1909f56bfc062723c751e8b465ee728b)
Start importing Assets/Script/Editor 1/ReadOnlyPropertyDrawer.cs using Guid(93670ea84b936214f84ba5ed75bbba00) Importer(815301076,1909f56bfc062723c751e8b465ee728b)  -> (artifact id: '3e728e9f42933a397f7a6916469c156a') in 0.005277 seconds
  Import took 0.008413 seconds .

========================================================================
Received Prepare
Registering precompiled user dll's ...
Registered in 0.000387 seconds.
Begin MonoManager ReloadAssembly
Native extension for OSXStandalone target not found
Refreshing native plugins compatible for Editor in 0.24 ms, found 1 plugins.
Preloading 0 native plugins for Editor in 0.00 ms.
Invoked RoslynAnalysisRunner static constructor.
RoslynAnalysisRunner will not be running.
RoslynAnalysisRunner has terminated.
Mono: successfully reloaded assembly
- Completed reload, in  0.978 seconds
Platform modules already initialized, skipping
Refreshing native plugins compatible for Editor in 0.38 ms, found 1 plugins.
Preloading 0 native plugins for Editor in 0.00 ms.
Unloading 1116 Unused Serialized files (Serialized files now loaded: 0)
System memory in use before: 148.0 MB.
System memory in use after: 148.0 MB.

Unloading 5 unused Assets to reduce memory usage. Loaded Objects now: 1566.
Total: 1.843390 ms (FindLiveObjects: 0.367066 ms CreateObjectMapping: 0.054648 ms MarkObjects: 1.359712 ms  DeleteObjects: 0.060086 ms)

========================================================================
Received Import Request.
  Time since last request: 102.546471 seconds.
  path: Assets/Script/Editor/GetPrefab.cs
  artifactKey: Guid(7aab14b3f07e84b79a9e2f12f014dbc4) Importer(815301076,1909f56bfc062723c751e8b465ee728b)
Start importing Assets/Script/Editor/GetPrefab.cs using Guid(7aab14b3f07e84b79a9e2f12f014dbc4) Importer(815301076,1909f56bfc062723c751e8b465ee728b)  -> (artifact id: 'a4e4445eb4344b90ccfc23328545e566') in 0.007630 seconds
  Import took 0.009845 seconds .

========================================================================
Received Import Request.
  Time since last request: 0.030794 seconds.
  path: Assets/Script/Editor/GetPrefab.cs
  artifactKey: Guid(7aab14b3f07e84b79a9e2f12f014dbc4) Importer(815301076,1909f56bfc062723c751e8b465ee728b)
Start importing Assets/Script/Editor/GetPrefab.cs using Guid(7aab14b3f07e84b79a9e2f12f014dbc4) Importer(815301076,1909f56bfc062723c751e8b465ee728b)  -> (artifact id: 'a4e4445eb4344b90ccfc23328545e566') in 0.004221 seconds
  Import took 0.006709 seconds .

========================================================================
Received Import Request.
  Time since last request: 12.159137 seconds.
  path: Assets/Script/Editor/MeshCombiner.cs
  artifactKey: Guid(3eed8097735b34a74ac70d2a56eaa29f) Importer(815301076,1909f56bfc062723c751e8b465ee728b)
Start importing Assets/Script/Editor/MeshCombiner.cs using Guid(3eed8097735b34a74ac70d2a56eaa29f) Importer(815301076,1909f56bfc062723c751e8b465ee728b)  -> (artifact id: '9fa5f3d15a391fee54cca5cb1c3949d8') in 0.005418 seconds
  Import took 0.007798 seconds .

========================================================================
Received Import Request.
  Time since last request: 0.004690 seconds.
  path: Assets/Script/Editor/MeshCombiner.cs
  artifactKey: Guid(3eed8097735b34a74ac70d2a56eaa29f) Importer(815301076,1909f56bfc062723c751e8b465ee728b)
Start importing Assets/Script/Editor/MeshCombiner.cs using Guid(3eed8097735b34a74ac70d2a56eaa29f) Importer(815301076,1909f56bfc062723c751e8b465ee728b)  -> (artifact id: '9fa5f3d15a391fee54cca5cb1c3949d8') in 0.008153 seconds
  Import took 0.011831 seconds .

========================================================================
Received Import Request.
  Time since last request: 3.014616 seconds.
  path: Assets/Script/Editor/SelectObj.cs
  artifactKey: Guid(6a7dd0ad0075444bfa5a32b3f231164a) Importer(815301076,1909f56bfc062723c751e8b465ee728b)
Start importing Assets/Script/Editor/SelectObj.cs using Guid(6a7dd0ad0075444bfa5a32b3f231164a) Importer(815301076,1909f56bfc062723c751e8b465ee728b)  -> (artifact id: 'c35f5a3fe7fefa9dcfe738f889322b8a') in 0.008108 seconds
  Import took 0.011302 seconds .

